This is pdfTeX, Version 3.141592653-2.6-1.40.27 (TeX Live 2025) (preloaded format=pdflatex 2025.4.1)  7 APR 2025 14:03
entering extended mode
 restricted \write18 enabled.
 file:line:error style messages enabled.
 %&-line parsing enabled.
**"/Users/Federico/Documents/Corsi di studio/Università/Dynamics of Stellar Systems/exam_simulation/report/report.tex"
(/Users/Federico/Documents/Corsi di studio/Università/Dynamics of Stellar Systems/exam_simulation/report/report.tex
LaTeX2e <2024-11-01> patch level 2
L3 programming layer <2025-01-18>
(/usr/local/texlive/2025/texmf-dist/tex/latex/base/article.cls
Document Class: article 2024/06/29 v1.4n Standard LaTeX document class
(/usr/local/texlive/2025/texmf-dist/tex/latex/base/size10.clo
File: size10.clo 2024/06/29 v1.4n Standard LaTeX file (size option)
)
\c@part=\count196
\c@section=\count197
\c@subsection=\count198
\c@subsubsection=\count199
\c@paragraph=\count266
\c@subparagraph=\count267
\c@figure=\count268
\c@table=\count269
\abovecaptionskip=\skip49
\belowcaptionskip=\skip50
\bibindent=\dimen141
) (/usr/local/texlive/2025/texmf-dist/tex/latex/graphics/graphicx.sty
Package: graphicx 2021/09/16 v1.2d Enhanced LaTeX Graphics (DPC,SPQR)
 (/usr/local/texlive/2025/texmf-dist/tex/latex/graphics/keyval.sty
Package: keyval 2022/05/29 v1.15 key=value parser (DPC)
\KV@toks@=\toks17
) (/usr/local/texlive/2025/texmf-dist/tex/latex/graphics/graphics.sty
Package: graphics 2024/08/06 v1.4g Standard LaTeX Graphics (DPC,SPQR)
 (/usr/local/texlive/2025/texmf-dist/tex/latex/graphics/trig.sty
Package: trig 2023/12/02 v1.11 sin cos tan (DPC)
) (/usr/local/texlive/2025/texmf-dist/tex/latex/graphics-cfg/graphics.cfg
File: graphics.cfg 2016/06/04 v1.11 sample graphics configuration
)
Package graphics Info: Driver file: pdftex.def on input line 106.
 (/usr/local/texlive/2025/texmf-dist/tex/latex/graphics-def/pdftex.def
File: pdftex.def 2024/04/13 v1.2c Graphics/color driver for pdftex
))
\Gin@req@height=\dimen142
\Gin@req@width=\dimen143
) (/usr/local/texlive/2025/texmf-dist/tex/latex/caption/caption.sty
Package: caption 2023/08/05 v3.6o Customizing captions (AR)
 (/usr/local/texlive/2025/texmf-dist/tex/latex/caption/caption3.sty
Package: caption3 2023/07/31 v2.4d caption3 kernel (AR)
\caption@tempdima=\dimen144
\captionmargin=\dimen145
\caption@leftmargin=\dimen146
\caption@rightmargin=\dimen147
\caption@width=\dimen148
\caption@indent=\dimen149
\caption@parindent=\dimen150
\caption@hangindent=\dimen151
Package caption Info: Standard document class detected.
)
\c@caption@flags=\count270
\c@continuedfloat=\count271
) (/usr/local/texlive/2025/texmf-dist/tex/latex/bbm-macros/bbm.sty
Package: bbm 1999/03/15 V 1.2 provides fonts for set symbols - TH
LaTeX Font Info:    Overwriting math alphabet `\mathbbm' in version `bold'
(Font)                  U/bbm/m/n --> U/bbm/bx/n on input line 33.
LaTeX Font Info:    Overwriting math alphabet `\mathbbmss' in version `bold'
(Font)                  U/bbmss/m/n --> U/bbmss/bx/n on input line 35.
) (/usr/local/texlive/2025/texmf-dist/tex/latex/glossaries/base/glossaries.sty
Package: glossaries 2025/03/19 v4.58 (NLCT)
 (/usr/local/texlive/2025/texmf-dist/tex/latex/base/ifthen.sty
Package: ifthen 2024/03/16 v1.1e Standard LaTeX ifthen package (DPC)
) (/usr/local/texlive/2025/texmf-dist/tex/latex/xkeyval/xkeyval.sty
Package: xkeyval 2022/06/16 v2.9 package option processing (HA)
 (/usr/local/texlive/2025/texmf-dist/tex/generic/xkeyval/xkeyval.tex (/usr/local/texlive/2025/texmf-dist/tex/generic/xkeyval/xkvutils.tex
\XKV@toks=\toks18
\XKV@tempa@toks=\toks19
)
\XKV@depth=\count272
File: xkeyval.tex 2014/12/03 v2.7a key=value parser (HA)
)) (/usr/local/texlive/2025/texmf-dist/tex/latex/mfirstuc/mfirstuc.sty
Package: mfirstuc 2022/10/14 v2.08 (NLCT)
 (/usr/local/texlive/2025/texmf-dist/tex/latex/etoolbox/etoolbox.sty
Package: etoolbox 2025/02/11 v2.5l e-TeX tools for LaTeX (JAW)
\etb@tempcnta=\count273
)
\@glsmfirst=\toks20
\@glsmrest=\toks21
) (/usr/local/texlive/2025/texmf-dist/tex/latex/xfor/xfor.sty
Package: xfor 2009/02/05 v1.05 (NLCT)
) (/usr/local/texlive/2025/texmf-dist/tex/latex/amsmath/amsgen.sty
File: amsgen.sty 1999/11/30 v2.0 generic functions
\@emptytoks=\toks22
\ex@=\dimen152
) (/usr/local/texlive/2025/texmf-dist/tex/latex/datatool/datatool-base.sty
Package: datatool-base 2025/03/25 v3.3 (NLCT)
 (/usr/local/texlive/2025/texmf-dist/tex/latex/amsmath/amsmath.sty
Package: amsmath 2024/11/05 v2.17t AMS math features
\@mathmargin=\skip51

For additional information on amsmath, use the `?' option.
(/usr/local/texlive/2025/texmf-dist/tex/latex/amsmath/amstext.sty
Package: amstext 2021/08/26 v2.01 AMS text
) (/usr/local/texlive/2025/texmf-dist/tex/latex/amsmath/amsbsy.sty
Package: amsbsy 1999/11/29 v1.2d Bold Symbols
\pmbraise@=\dimen153
) (/usr/local/texlive/2025/texmf-dist/tex/latex/amsmath/amsopn.sty
Package: amsopn 2022/04/08 v2.04 operator names
)
\inf@bad=\count274
LaTeX Info: Redefining \frac on input line 233.
\uproot@=\count275
\leftroot@=\count276
LaTeX Info: Redefining \overline on input line 398.
LaTeX Info: Redefining \colon on input line 409.
\classnum@=\count277
\DOTSCASE@=\count278
LaTeX Info: Redefining \ldots on input line 495.
LaTeX Info: Redefining \dots on input line 498.
LaTeX Info: Redefining \cdots on input line 619.
\Mathstrutbox@=\box52
\strutbox@=\box53
LaTeX Info: Redefining \big on input line 721.
LaTeX Info: Redefining \Big on input line 722.
LaTeX Info: Redefining \bigg on input line 723.
LaTeX Info: Redefining \Bigg on input line 724.
\big@size=\dimen154
LaTeX Font Info:    Redeclaring font encoding OML on input line 742.
LaTeX Font Info:    Redeclaring font encoding OMS on input line 743.
\macc@depth=\count279
LaTeX Info: Redefining \bmod on input line 904.
LaTeX Info: Redefining \pmod on input line 909.
LaTeX Info: Redefining \smash on input line 939.
LaTeX Info: Redefining \relbar on input line 969.
LaTeX Info: Redefining \Relbar on input line 970.
\c@MaxMatrixCols=\count280
\dotsspace@=\muskip17
\c@parentequation=\count281
\dspbrk@lvl=\count282
\tag@help=\toks23
\row@=\count283
\column@=\count284
\maxfields@=\count285
\andhelp@=\toks24
\eqnshift@=\dimen155
\alignsep@=\dimen156
\tagshift@=\dimen157
\tagwidth@=\dimen158
\totwidth@=\dimen159
\lineht@=\dimen160
\@envbody=\toks25
\multlinegap=\skip52
\multlinetaggap=\skip53
\mathdisplay@stack=\toks26
LaTeX Info: Redefining \[ on input line 2953.
LaTeX Info: Redefining \] on input line 2954.
) (/usr/local/texlive/2025/texmf-dist/tex/latex/tracklang/tracklang.sty
Package: tracklang 2025/03/11 v1.6.6 (NLCT) Track Languages
 (/usr/local/texlive/2025/texmf-dist/tex/generic/tracklang/tracklang.tex)) (/usr/local/texlive/2025/texmf-dist/tex/latex/datatool/datatool-l3fp.def
File: datatool-l3fp.def 2025/03/25 v3.3 (NLCT)
)
\@dtl@toks=\toks27
\@dtl@tmpcount=\count286
\dtl@tmplength=\skip54
\l__datatool_measure_box=\box54
\dtl@sortresult=\count287
 (/usr/local/texlive/2025/texmf-dist/tex/latex/datatool/datatool-utf8.ldf
File: datatool-utf8.ldf 2025/03/25 v3.3 (NLCT)
)
\@dtl@datatype=\count288
\l__datatool_tmpa_int=\count289
\l__datatool_tmpb_int=\count290
\l__datatool_tmpc_int=\count291
\l__datatool_tmpd_int=\count292
\l__datatool_count_int=\count293
\l__datatool_tmp_datatype_int=\count294
\l__datatool_tmpa_dim=\dimen161
\l__datatool_tmpb_dim=\dimen162
\c_datatool_unknown_int=\count295
\l__datatool_year_int=\count296
\l__datatool_month_int=\count297
\l__datatool_day_int=\count298
\l__datatool_hour_int=\count299
\l__datatool_minute_int=\count300
\l__datatool_second_int=\count301
\l__datatool_tzhour_int=\count302
\l__datatool_tzminute_int=\count303
\l__datatool_julian_int=\count304
\l__datatool_local_julian_int=\count305
\l__datatool_prefix_int=\count306
\l__datatool_suffix_int=\count307
\@dtl@foreach@level=\count308
\dtl@codeA=\count309
\dtl@codeB=\count310
)
\gls@level=\count311
\@gls@tmpb=\toks28
\gls@tmplen=\skip55
\glskeylisttok=\toks29
\glslabeltok=\toks30
\glsshorttok=\toks31
\glslongtok=\toks32
 (/usr/local/texlive/2025/texmf-dist/tex/latex/glossaries/styles/glossary-hypernav.sty
Package: glossary-hypernav 2025/03/19 v4.58 (NLCT)
) (/usr/local/texlive/2025/texmf-dist/tex/latex/glossaries/styles/glossary-list.sty
Package: glossary-list 2025/03/19 v4.58 (NLCT)
\glslistdottedwidth=\skip56
) (/usr/local/texlive/2025/texmf-dist/tex/latex/glossaries/styles/glossary-long.sty
Package: glossary-long 2025/03/19 v4.58 (NLCT)
 (/usr/local/texlive/2025/texmf-dist/tex/latex/tools/longtable.sty
Package: longtable 2024-10-27 v4.22 Multi-page Table package (DPC)
\LTleft=\skip57
\LTright=\skip58
\LTpre=\skip59
\LTpost=\skip60
\LTchunksize=\count312
\LTcapwidth=\dimen163
\LT@head=\box55
\LT@firsthead=\box56
\LT@foot=\box57
\LT@lastfoot=\box58
\LT@gbox=\box59
\LT@cols=\count313
\LT@rows=\count314
\c@LT@tables=\count315
\c@LT@chunks=\count316
\LT@p@ftn=\toks33
)
\glsdescwidth=\skip61
\glspagelistwidth=\skip62
) (/usr/local/texlive/2025/texmf-dist/tex/latex/glossaries/styles/glossary-super.sty
Package: glossary-super 2025/03/19 v4.58 (NLCT)
 (/usr/local/texlive/2025/texmf-dist/tex/latex/supertabular/supertabular.sty
Package: supertabular 2024/07/20 v4.2c the supertabular environment
\c@tracingst=\count317
\ST@wd=\dimen164
\ST@rightskip=\skip63
\ST@leftskip=\skip64
\ST@parfillskip=\skip65
\ST@pageleft=\dimen165
\ST@headht=\dimen166
\ST@tailht=\dimen167
\ST@pagesofar=\dimen168
\ST@pboxht=\dimen169
\ST@rowht=\dimen170
\ST@prevht=\dimen171
\ST@toadd=\dimen172
\ST@dimen=\dimen173
\ST@pbox=\box60
)) (/usr/local/texlive/2025/texmf-dist/tex/latex/glossaries/styles/glossary-tree.sty
Package: glossary-tree 2025/03/19 v4.58 (NLCT)
\glstreeindent=\skip66
)) (/usr/local/texlive/2025/texmf-dist/tex/latex/natbib/natbib.sty
Package: natbib 2010/09/13 8.31b (PWD, AO)
\bibhang=\skip67
\bibsep=\skip68
LaTeX Info: Redefining \cite on input line 694.
\c@NAT@ctr=\count318
) (/usr/local/texlive/2025/texmf-dist/tex/latex/physics/physics.sty
Package: physics 
 (/usr/local/texlive/2025/texmf-dist/tex/latex/l3packages/xparse/xparse.sty (/usr/local/texlive/2025/texmf-dist/tex/latex/l3kernel/expl3.sty
Package: expl3 2025-01-18 L3 programming layer (loader) 
 (/usr/local/texlive/2025/texmf-dist/tex/latex/l3backend/l3backend-pdftex.def
File: l3backend-pdftex.def 2024-05-08 L3 backend support: PDF output (pdfTeX)
\l__color_backend_stack_int=\count319
\l__pdf_internal_box=\box61
))
Package: xparse 2024-08-16 L3 Experimental document command parser
)) (/Users/Federico/Documents/Corsi di studio/Università/Dynamics of Stellar Systems/exam_simulation/report/report.aux)
\openout1 = `report.aux'.

LaTeX Font Info:    Checking defaults for OML/cmm/m/it on input line 22.
LaTeX Font Info:    ... okay on input line 22.
LaTeX Font Info:    Checking defaults for OMS/cmsy/m/n on input line 22.
LaTeX Font Info:    ... okay on input line 22.
LaTeX Font Info:    Checking defaults for OT1/cmr/m/n on input line 22.
LaTeX Font Info:    ... okay on input line 22.
LaTeX Font Info:    Checking defaults for T1/cmr/m/n on input line 22.
LaTeX Font Info:    ... okay on input line 22.
LaTeX Font Info:    Checking defaults for TS1/cmr/m/n on input line 22.
LaTeX Font Info:    ... okay on input line 22.
LaTeX Font Info:    Checking defaults for OMX/cmex/m/n on input line 22.
LaTeX Font Info:    ... okay on input line 22.
LaTeX Font Info:    Checking defaults for U/cmr/m/n on input line 22.
LaTeX Font Info:    ... okay on input line 22.
 (/usr/local/texlive/2025/texmf-dist/tex/context/base/mkii/supp-pdf.mkii
[Loading MPS to PDF converter (version 2006.09.02).]
\scratchcounter=\count320
\scratchdimen=\dimen174
\scratchbox=\box62
\nofMPsegments=\count321
\nofMParguments=\count322
\everyMPshowfont=\toks34
\MPscratchCnt=\count323
\MPscratchDim=\dimen175
\MPnumerator=\count324
\makeMPintoPDFobject=\count325
\everyMPtoPDFconversion=\toks35
) (/usr/local/texlive/2025/texmf-dist/tex/latex/epstopdf-pkg/epstopdf-base.sty
Package: epstopdf-base 2020-01-24 v2.11 Base part for package epstopdf
Package epstopdf-base Info: Redefining graphics rule for `.eps' on input line 485.
 (/usr/local/texlive/2025/texmf-dist/tex/latex/latexconfig/epstopdf-sys.cfg
File: epstopdf-sys.cfg 2010/07/13 v1.3 Configuration of (r)epstopdf for TeX Live
))
Package caption Info: Begin \AtBeginDocument code.
Package caption Info: longtable package is loaded.
 (/usr/local/texlive/2025/texmf-dist/tex/latex/caption/ltcaption.sty
Package: ltcaption 2021/01/08 v1.4c longtable captions (AR)
)
Package caption Info: supertabular package is loaded.
Package caption Info: End \AtBeginDocument code.




[1{/usr/local/texlive/2025/texmf-var/fonts/map/pdftex/updmap/pdftex.map}


]
<images/density_comparison.png, id=16, 675.4836pt x 507.5763pt>
File: images/density_comparison.png Graphic file (type png)
<use images/density_comparison.png>
Package pdftex.def Info: images/density_comparison.png  used on input line 60.
(pdftex.def)             Requested size: 221.0pt x 166.06787pt.
<images/mass_comparison.png, id=18, 641.2758pt x 507.5763pt>
File: images/mass_comparison.png Graphic file (type png)
<use images/mass_comparison.png>
Package pdftex.def Info: images/mass_comparison.png  used on input line 67.
(pdftex.def)             Requested size: 221.0pt x 174.92038pt.
<images/v_circ_comparison.png, id=19, 648.2619pt x 507.5763pt>
File: images/v_circ_comparison.png Graphic file (type png)
<use images/v_circ_comparison.png>
Package pdftex.def Info: images/v_circ_comparison.png  used on input line 74.
(pdftex.def)             Requested size: 221.0pt x 173.03835pt.
<images/potential_comparison.png, id=20, 659.1024pt x 507.5763pt>
File: images/potential_comparison.png Graphic file (type png)
<use images/potential_comparison.png>
Package pdftex.def Info: images/potential_comparison.png  used on input line 81.
(pdftex.def)             Requested size: 221.0pt x 170.18819pt.




[2 </Users/Federico/Documents/Corsi di studio/Università/Dynamics of Stellar Systems/exam_simulation/report/images/density_comparison.png> </Users/Federico/Documents/Corsi di studio/Università/Dynamics of Stellar Systems/exam_simulation/report/images/mass_comparison.png> </Users/Federico/Documents/Corsi di studio/Università/Dynamics of Stellar Systems/exam_simulation/report/images/v_circ_comparison.png>]



[3 </Users/Federico/Documents/Corsi di studio/Università/Dynamics of Stellar Systems/exam_simulation/report/images/potential_comparison.png>]



[4]

<images/pdf_r.png, id=36, 646.5756pt x 507.5763pt>
File: images/pdf_r.png Graphic file (type png)
<use images/pdf_r.png>
Package pdftex.def Info: images/pdf_r.png  used on input line 210.
(pdftex.def)             Requested size: 221.0pt x 173.48755pt.
<images/pdf_v.png, id=37, 621.0402pt x 508.0581pt>
File: images/pdf_v.png Graphic file (type png)
<use images/pdf_v.png>
Package pdftex.def Info: images/pdf_v.png  used on input line 217.
(pdftex.def)             Requested size: 221.0pt x 180.79213pt.
<images/DF.png, id=38, 648.7437pt x 507.8172pt>
File: images/DF.png Graphic file (type png)
<use images/DF.png>
Package pdftex.def Info: images/DF.png  used on input line 224.
(pdftex.def)             Requested size: 221.0pt x 172.98875pt.
<images/DF_rho.png, id=39, 666.8112pt x 507.5763pt>
File: images/DF_rho.png Graphic file (type png)
<use images/DF_rho.png>
Package pdftex.def Info: images/DF_rho.png  used on input line 231.
(pdftex.def)             Requested size: 221.0pt x 168.22096pt.


[5 </Users/Federico/Documents/Corsi di studio/Università/Dynamics of Stellar Systems/exam_simulation/report/images/pdf_r.png>]

<images/lag_rad.png, id=45, 654.5253pt x 509.9853pt>
File: images/lag_rad.png Graphic file (type png)
<use images/lag_rad.png>
Package pdftex.def Info: images/lag_rad.png  used on input line 244.
(pdftex.def)             Requested size: 221.0pt x 172.19432pt.
<images/cm.png, id=46, 678.1335pt x 509.9853pt>
File: images/cm.png Graphic file (type png)
<use images/cm.png>
Package pdftex.def Info: images/cm.png  used on input line 251.
(pdftex.def)             Requested size: 221.0pt x 166.20238pt.


[6 </Users/Federico/Documents/Corsi di studio/Università/Dynamics of Stellar Systems/exam_simulation/report/images/pdf_v.png> </Users/Federico/Documents/Corsi di studio/Università/Dynamics of Stellar Systems/exam_simulation/report/images/DF.png> </Users/Federico/Documents/Corsi di studio/Università/Dynamics of Stellar Systems/exam_simulation/report/images/DF_rho.png>]

<images/pert_dist_l.png, id=53, 688.974pt x 509.9853pt>
File: images/pert_dist_l.png Graphic file (type png)
<use images/pert_dist_l.png>
Package pdftex.def Info: images/pert_dist_l.png  used on input line 264.
(pdftex.def)             Requested size: 221.0pt x 163.57993pt.
<images/pert_trajectory.png, id=54, 579.3645pt x 509.9853pt>
File: images/pert_trajectory.png Graphic file (type png)
<use images/pert_trajectory.png>
Package pdftex.def Info: images/pert_trajectory.png  used on input line 273.
(pdftex.def)             Requested size: 221.0pt x 194.53569pt.


[7 </Users/Federico/Documents/Corsi di studio/Università/Dynamics of Stellar Systems/exam_simulation/report/images/lag_rad.png> </Users/Federico/Documents/Corsi di studio/Università/Dynamics of Stellar Systems/exam_simulation/report/images/cm.png> </Users/Federico/Documents/Corsi di studio/Università/Dynamics of Stellar Systems/exam_simulation/report/images/pert_dist_l.png>]
<images/pert_snapshot_forces.png, id=62, 654.0435pt x 509.9853pt>
File: images/pert_snapshot_forces.png Graphic file (type png)
<use images/pert_snapshot_forces.png>
Package pdftex.def Info: images/pert_snapshot_forces.png  used on input line 294.
(pdftex.def)             Requested size: 221.0pt x 172.31882pt.
<images/pert_acc_cdf.png, id=63, 695.4783pt x 510.4671pt>
File: images/pert_acc_cdf.png Graphic file (type png)
<use images/pert_acc_cdf.png>
Package pdftex.def Info: images/pert_acc_cdf.png  used on input line 303.
(pdftex.def)             Requested size: 221.0pt x 162.20781pt.




[8 </Users/Federico/Documents/Corsi di studio/Università/Dynamics of Stellar Systems/exam_simulation/report/images/pert_trajectory.png> </Users/Federico/Documents/Corsi di studio/Università/Dynamics of Stellar Systems/exam_simulation/report/images/pert_snapshot_forces.png> </Users/Federico/Documents/Corsi di studio/Università/Dynamics of Stellar Systems/exam_simulation/report/images/pert_acc_cdf.png>]
<images/pert_l_cdf.png, id=71, 737.6358pt x 509.9853pt>
File: images/pert_l_cdf.png Graphic file (type png)
<use images/pert_l_cdf.png>
Package pdftex.def Info: images/pert_l_cdf.png  used on input line 322.
(pdftex.def)             Requested size: 221.0pt x 152.79443pt.
<images/pert_l_circ.png, id=72, 688.974pt x 509.9853pt>
File: images/pert_l_circ.png Graphic file (type png)
<use images/pert_l_circ.png>
Package pdftex.def Info: images/pert_l_circ.png  used on input line 335.
(pdftex.def)             Requested size: 221.0pt x 163.57993pt.

Underfull \hbox (badness 1325) in paragraph at lines 336--336
[]\OT1/cmr/m/n/10 Figure 16: |Evo-lu-tion of the cir-cu-lar-ity $\OML/cmm/m/it/10 ^^Q \OT1/cmr/m/n/10 =
 []



<images/eta_comparison.png, id=73, 635.0124pt x 509.9853pt>
File: images/eta_comparison.png Graphic file (type png)
<use images/eta_comparison.png>
Package pdftex.def Info: images/eta_comparison.png  used on input line 344.
(pdftex.def)             Requested size: 221.0pt x 177.4859pt.


[9 </Users/Federico/Documents/Corsi di studio/Università/Dynamics of Stellar Systems/exam_simulation/report/images/pert_l_cdf.png> </Users/Federico/Documents/Corsi di studio/Università/Dynamics of Stellar Systems/exam_simulation/report/images/pert_l_circ.png>]
<images/rho_gamma.png, id=79, 710.655pt x 507.5763pt>
File: images/rho_gamma.png Graphic file (type png)
<use images/rho_gamma.png>
Package pdftex.def Info: images/rho_gamma.png  used on input line 359.
(pdftex.def)             Requested size: 221.0pt x 157.8427pt.




[10 </Users/Federico/Documents/Corsi di studio/Università/Dynamics of Stellar Systems/exam_simulation/report/images/eta_comparison.png> </Users/Federico/Documents/Corsi di studio/Università/Dynamics of Stellar Systems/exam_simulation/report/images/rho_gamma.png>] (/Users/Federico/Documents/Corsi di studio/Università/Dynamics of Stellar Systems/exam_simulation/report/report.bbl
Underfull \hbox (badness 1635) in paragraph at lines 9--14
\OT1/cmr/m/it/10 ics: Sec-ond Edi-tion\OT1/cmr/m/n/10 .  Prince-ton Uni-ver-sity
 []


Underfull \hbox (badness 1237) in paragraph at lines 16--21
[]\OT1/cmr/m/n/10 A. Just, F. M. Khan, P. Berczik, A. Ernst,
 []

)



[11

] (/Users/Federico/Documents/Corsi di studio/Università/Dynamics of Stellar Systems/exam_simulation/report/report.aux)
 ***********
LaTeX2e <2024-11-01> patch level 2
L3 programming layer <2025-01-18>
 ***********
 ) 
Here is how much of TeX's memory you used:
 11640 strings out of 473190
 227982 string characters out of 5715801
 681662 words of memory out of 5000000
 34801 multiletter control sequences out of 15000+600000
 567015 words of font info for 64 fonts, out of 8000000 for 9000
 1141 hyphenation exceptions out of 8191
 79i,12n,93p,2505b,550s stack positions out of 10000i,1000n,20000p,200000b,200000s
</usr/local/texlive/2025/texmf-dist/fonts/type1/public/amsfonts/cm/cmbsy10.pfb></usr/local/texlive/2025/texmf-dist/fonts/type1/public/amsfonts/cm/cmbx10.pfb></usr/local/texlive/2025/texmf-dist/fonts/type1/public/amsfonts/cm/cmbx12.pfb></usr/local/texlive/2025/texmf-dist/fonts/type1/public/amsfonts/cm/cmex10.pfb></usr/local/texlive/2025/texmf-dist/fonts/type1/public/amsfonts/cm/cmmi10.pfb></usr/local/texlive/2025/texmf-dist/fonts/type1/public/amsfonts/cm/cmmi5.pfb></usr/local/texlive/2025/texmf-dist/fonts/type1/public/amsfonts/cm/cmmi7.pfb></usr/local/texlive/2025/texmf-dist/fonts/type1/public/amsfonts/cm/cmr10.pfb></usr/local/texlive/2025/texmf-dist/fonts/type1/public/amsfonts/cm/cmr12.pfb></usr/local/texlive/2025/texmf-dist/fonts/type1/public/amsfonts/cm/cmr17.pfb></usr/local/texlive/2025/texmf-dist/fonts/type1/public/amsfonts/cm/cmr5.pfb></usr/local/texlive/2025/texmf-dist/fonts/type1/public/amsfonts/cm/cmr7.pfb></usr/local/texlive/2025/texmf-dist/fonts/type1/public/amsfonts/cm/cmsy10.pfb></usr/local/texlive/2025/texmf-dist/fonts/type1/public/amsfonts/cm/cmsy7.pfb></usr/local/texlive/2025/texmf-dist/fonts/type1/public/amsfonts/cm/cmti10.pfb>
Output written on "/Users/Federico/Documents/Corsi di studio/Università/Dynamics of Stellar Systems/exam_simulation/report/report.pdf" (11 pages, 3953115 bytes).
PDF statistics:
 152 PDF objects out of 1000 (max. 8388607)
 72 compressed objects within 1 object stream
 0 named destinations out of 1000 (max. 500000)
 91 words of extra memory for PDF output out of 10000 (max. 10000000)

